[2026-01-29 16:39:35] APPLY_ATTEMPT
[2026-01-29 16:39:49] PLAN_GENERATED
[2026-01-29 16:40:18] APPLY_SUCCESS
[2026-01-29 16:41:16] PLAN_GENERATED
[2026-01-29 16:49:33] DESTROY_ATTEMPT
[2026-01-29 16:50:10] DESTROY_SUCCESS
[2026-01-29 16:53:27] amitk30 AI_ANALYSIS_RUN
[2026-01-29 16:54:13] amitk30 PLAN_GENERATED
[2026-01-29 16:57:28] amitk30 AI_ANALYSIS_RUN
[2026-01-29 16:58:01] amitk30 COST_ANALYSIS_RUN | Total change: $7.0
[2026-01-29 19:07:36] amitk30 PLAN_GENERATED
[2026-01-29 19:09:01] amitk30 APPLY_ATTEMPT
[2026-01-29 19:09:06] amitk30 PLAN_GENERATED
[2026-01-29 19:09:40] amitk30 APPLY_SUCCESS
[2026-01-29 19:10:48] amitk30 AI_ANALYSIS_RUN
[2026-01-29 19:47:14] amitk30 APPLY_ATTEMPT
[2026-01-29 19:48:45] amitk30 APPLY_ATTEMPT
[2026-01-29 19:48:53] amitk30 PLAN_GENERATED
[2026-01-29 19:50:05] amitk30 APPLY_SUCCESS
[2026-01-29 19:50:58] amitk30 APPLY_ATTEMPT
[2026-01-29 19:51:06] amitk30 PLAN_GENERATED
[2026-01-29 19:52:08] amitk30 APPLY_SUCCESS
[2026-01-29 19:53:00] amitk30 AI_ANALYSIS_RUN
[2026-01-29 19:56:09] amitk30 DESTROY_ATTEMPT
[2026-01-29 19:56:48] amitk30 DESTROY_SUCCESS
[2026-01-29 20:18:27] amitk30 DESTROY_ATTEMPT
[2026-01-29 20:18:31] amitk30 DESTROY_SUCCESS
[2026-01-29 20:18:55] amitk30 APPLY_ATTEMPT
[2026-01-29 20:19:00] amitk30 PLAN_GENERATED
[2026-01-29 20:19:34] amitk30 APPLY_SUCCESS
[2026-01-29 20:34:56] amitk30 DESTROY_ATTEMPT
[2026-01-29 20:35:02] amitk30 DESTROY_ABORTED
[2026-01-29 20:35:50] amitk30 PLAN_GENERATED
[2026-01-29 20:36:10] amitk30 APPLY_ATTEMPT
[2026-01-29 20:36:18] amitk30 PLAN_GENERATED
[2026-01-29 20:37:04] amitk30 APPLY_SUCCESS
[2026-01-29 20:37:37] amitk30 PLAN_GENERATED
[2026-01-29 20:38:19] amitk30 APPLY_ATTEMPT
[2026-01-29 20:38:27] amitk30 PLAN_GENERATED
[2026-01-29 20:38:31] amitk30 APPLY_SUCCESS
[2026-01-29 20:39:10] amitk30 PLAN_GENERATED
[2026-01-29 22:44:47] amitk30 AI_ANALYSIS_RUN
[2026-01-29 22:45:31] amitk30 PLAN_GENERATED
[2026-01-29 22:46:04] amitk30 PLAN_GENERATED
[2026-01-29 22:48:33] amitk30 AI_ANALYSIS_RUN
[2026-01-29 22:55:12] amitk30 DESTROY_ATTEMPT
[2026-01-29 22:55:20] amitk30 DESTROY_SUCCESS
[2026-01-29 22:55:39] amitk30 PLAN_GENERATED
[2026-01-29 23:04:01] amitk30 PLAN_GENERATED
[2026-01-29 23:11:25] amitk30 PLAN_GENERATED
[2026-01-29 23:21:56] amitk30 PLAN_GENERATED
[2026-01-29 23:24:14] amitk30 PLAN_GENERATED
[2026-01-29 23:24:49] amitk30 PLAN_GENERATED
[2026-01-29 23:25:10] amitk30 PLAN_GENERATED
[2026-01-29 23:26:37] amitk30 AI_ANALYSIS_RUN
[2026-01-29 23:26:55] amitk30 COST_ANALYSIS_RUN | Total change: $36
[2026-01-29 23:29:50] amitk30 APPLY_ATTEMPT
[2026-01-29 23:29:55] amitk30 PLAN_GENERATED
[2026-01-29 23:30:19] amitk30 APPLY_SUCCESS
[2026-01-29 23:30:40] amitk30 PLAN_GENERATED
[2026-01-29 23:30:49] amitk30 APPLY_ATTEMPT
[2026-01-29 23:30:57] amitk30 PLAN_GENERATED
[2026-01-29 23:33:52] amitk30 APPLY_ABORTED_DESTRUCTIVE
[2026-01-29 23:33:56] amitk30 DESTROY_ATTEMPT
[2026-01-29 23:34:43] amitk30 DESTROY_SUCCESS
[2026-01-30 08:41:38] amitk30 PLAN_GENERATED
[2026-01-30 08:42:01] amitk30 PLAN_GENERATED
[2026-01-30 09:22:37] amitk30 AI_ANALYSIS_RUN
[2026-01-30 09:23:13] amitk30 COST_ANALYSIS_RUN | Total change: $12
[2026-01-30 11:24:48] amitk30 AI_ANALYSIS_RUN
[2026-01-30 11:55:47] amitk30 PLAN_GENERATED
[2026-01-30 11:56:04] amitk30 PLAN_GENERATED
[2026-01-30 11:56:07] amitk30 APPLY_ATTEMPT
[2026-01-30 11:56:12] amitk30 PLAN_GENERATED
[2026-01-30 11:56:45] amitk30 APPLY_SUCCESS
[2026-01-30 11:57:05] amitk30 PLAN_GENERATED
[2026-01-30 11:57:13] amitk30 APPLY_ATTEMPT
[2026-01-30 11:57:21] amitk30 PLAN_GENERATED
[2026-01-30 11:57:33] amitk30 APPLY_ABORTED_DESTRUCTIVE
[2026-01-30 11:57:35] amitk30 DESTROY_ATTEMPT
[2026-01-30 11:58:20] amitk30 DESTROY_SUCCESS
[2026-01-30 12:26:36] amitk30 AI_ANALYSIS_RUN
[2026-01-30 12:26:47] amitk30 PLAN_GENERATED
[2026-01-30 12:52:55] amitk30 PLAN_GENERATED
[2026-02-02 12:55:10] amitk30 PLAN_GENERATED
[2026-02-02 12:55:14] amitk30 AI_ANALYSIS_RUN
[2026-02-02 13:00:30] amitk30 AI_ANALYSIS_RUN
[2026-02-02 13:00:54] amitk30 AI_ANALYSIS_RUN
[2026-02-02 13:22:56] amitk30 PLAN_GENERATED
[2026-02-02 13:22:58] amitk30 AI_ANALYSIS_RUN
[2026-02-02 13:24:21] amitk30 AI_ANALYSIS_RUN
[2026-02-02 13:26:49] amitk30 PLAN_GENERATED
[2026-02-02 13:26:55] amitk30 AI_ANALYSIS_RUN
[2026-02-02 13:43:13] amitk30 AI_ANALYSIS_RUN
[2026-02-02 13:44:51] amitk30 AI_ANALYSIS_RUN
[2026-02-02 13:47:12] amitk30 AI_ANALYSIS_RUN
[2026-02-02 13:47:36] amitk30 AI_ANALYSIS_RUN
[2026-02-02 13:59:05] amitk30 AI_ANALYSIS_RUN
[2026-02-02 13:59:34] amitk30 AI_ANALYSIS_RUN
[2026-02-02 13:59:40] amitk30 PLAN_GENERATED
[2026-02-02 14:02:20] amitk30 AI_ANALYSIS_RUN
[2026-02-02 14:03:00] amitk30 AI_ANALYSIS_RUN
[2026-02-02 14:06:10] amitk30 AI_ANALYSIS_RUN
[2026-02-02 14:06:50] amitk30 AI_ANALYSIS_RUN
[2026-02-02 14:06:54] amitk30 PLAN_GENERATED
[2026-02-02 14:08:05] amitk30 APPLY_ATTEMPT
[2026-02-02 14:08:10] amitk30 PLAN_GENERATED
[2026-02-02 14:08:49] amitk30 APPLY_SUCCESS
[2026-02-02 14:09:19] amitk30 AI_ANALYSIS_RUN
[2026-02-02 14:09:29] amitk30 PLAN_GENERATED
[2026-02-02 14:10:22] amitk30 PLAN_GENERATED
[2026-02-02 14:10:27] amitk30 AI_ANALYSIS_RUN
[2026-02-02 14:10:36] amitk30 PLAN_GENERATED
[2026-02-02 14:12:46] amitk30 AI_ANALYSIS_RUN
[2026-02-02 14:12:55] amitk30 PLAN_GENERATED
[2026-02-02 14:13:16] amitk30 AI_ANALYSIS_RUN
[2026-02-02 14:13:25] amitk30 PLAN_GENERATED
[2026-02-02 14:15:09] amitk30 COST_ANALYSIS_RUN | Total change: $0
[2026-02-02 16:12:04] amitk30 DESTROY_ATTEMPT
[2026-02-02 16:12:58] amitk30 DESTROY_SUCCESS
[2026-02-05 18:19:36] amitk30 AI_ANALYSIS_RUN
[2026-02-05 18:25:16] amitk30 AI_ANALYSIS_RUN
